SF:lib\Features\auth\data\data_source_impl\auth_online_datasource_impl.dart
DA:23,2
DA:25,0
DA:28,0
DA:29,0
DA:30,0
DA:34,0
DA:36,0
DA:37,0
DA:38,0
DA:39,0
DA:43,0
DA:45,0
DA:46,0
DA:47,0
DA:48,0
DA:52,1
DA:54,2
DA:55,2
DA:56,1
DA:60,0
DA:63,0
DA:64,0
DA:65,0
DA:69,1
DA:71,2
DA:72,2
DA:73,1
LF:27
LH:9
end_of_record
SF:lib\Features\auth\data\models\request\login_model_dto.dart
DA:2,2
DA:7,0
DA:8,0
DA:9,0
DA:14,0
DA:15,0
DA:16,0
DA:17,0
LF:8
LH:1
end_of_record
SF:lib\Features\auth\data\models\response\login_response_dto.dart
DA:4,1
DA:9,0
DA:10,0
DA:11,0
DA:17,0
DA:18,0
DA:19,0
DA:20,0
DA:24,1
DA:25,1
DA:26,1
DA:27,1
LF:12
LH:5
end_of_record
SF:lib\Features\auth\domain\entities\login_entities.dart
DA:2,4
LF:1
LH:1
end_of_record
SF:lib\core\api\api_manager\api_manager.g.dart
DA:12,0
DA:17,0
DA:26,0
DA:28,0
DA:29,0
DA:30,0
DA:31,0
DA:32,0
DA:33,0
DA:38,0
DA:39,0
DA:44,0
DA:45,0
DA:46,0
DA:47,0
DA:49,0
DA:52,0
DA:54,0
DA:60,0
DA:63,0
DA:64,0
DA:65,0
DA:66,0
DA:67,0
DA:68,0
DA:73,0
DA:74,0
DA:79,0
DA:80,0
DA:81,0
DA:82,0
DA:84,0
DA:87,0
DA:89,0
DA:95,0
DA:97,0
DA:98,0
DA:99,0
DA:100,0
DA:101,0
DA:102,0
DA:107,0
DA:108,0
DA:113,0
DA:114,0
DA:115,0
DA:116,0
DA:118,0
DA:121,0
DA:123,0
DA:129,0
DA:131,0
DA:132,0
DA:133,0
DA:134,0
DA:135,0
DA:136,0
DA:141,0
DA:142,0
DA:147,0
DA:148,0
DA:149,0
DA:150,0
DA:152,0
DA:155,0
DA:157,0
DA:163,0
DA:166,0
DA:167,0
DA:168,0
DA:169,0
DA:170,0
DA:171,0
DA:176,0
DA:177,0
DA:182,0
DA:183,0
DA:184,0
DA:185,0
DA:187,0
DA:190,0
DA:192,0
DA:198,0
DA:200,0
DA:201,0
DA:202,0
DA:204,0
DA:209,0
DA:210,0
DA:211,0
DA:215,0
DA:216,0
DA:217,0
DA:218,0
DA:220,0
DA:223,0
DA:225,0
DA:231,0
DA:233,0
DA:234,0
DA:235,0
DA:237,0
DA:242,0
DA:243,0
DA:248,0
DA:249,0
DA:250,0
DA:251,0
DA:253,0
DA:256,0
DA:258,0
DA:264,0
DA:266,0
DA:267,0
DA:268,0
DA:270,0
DA:275,0
DA:276,0
DA:281,0
DA:282,0
DA:283,0
DA:284,0
DA:286,0
DA:289,0
DA:291,0
DA:297,0
DA:299,0
DA:300,0
DA:301,0
DA:303,0
DA:308,0
DA:309,0
DA:314,0
DA:315,0
DA:316,0
DA:317,0
DA:319,0
DA:322,0
DA:324,0
DA:330,0
DA:332,0
DA:333,0
DA:334,0
DA:336,0
DA:341,0
DA:342,0
DA:347,0
DA:348,0
DA:349,0
DA:350,0
DA:352,0
DA:355,0
DA:357,0
DA:363,0
DA:365,0
DA:366,0
DA:367,0
DA:369,0
DA:374,0
DA:375,0
DA:380,0
DA:381,0
DA:382,0
DA:383,0
DA:385,0
DA:388,0
DA:390,0
DA:392,0
DA:398,0
DA:400,0
DA:401,0
DA:402,0
DA:403,0
DA:405,0
DA:410,0
DA:411,0
DA:416,0
DA:417,0
DA:418,0
DA:419,0
DA:421,0
DA:424,0
DA:426,0
DA:432,0
DA:437,0
DA:438,0
DA:439,0
DA:440,0
DA:441,0
DA:442,0
DA:443,0
DA:448,0
DA:449,0
DA:454,0
DA:455,0
DA:456,0
DA:457,0
DA:459,0
DA:462,0
DA:464,0
DA:470,0
DA:472,0
DA:473,0
DA:474,0
DA:475,0
DA:477,0
DA:482,0
DA:483,0
DA:488,0
DA:489,0
DA:490,0
DA:491,0
DA:493,0
DA:497,0
DA:499,0
DA:505,0
DA:513,0
DA:514,0
DA:515,0
DA:516,0
DA:517,0
DA:518,0
DA:524,0
DA:525,0
DA:530,0
DA:531,0
DA:536,0
DA:537,0
DA:538,0
DA:539,0
DA:541,0
DA:544,0
DA:546,0
DA:552,0
DA:554,0
DA:555,0
DA:556,0
DA:557,0
DA:559,0
DA:564,0
DA:565,0
DA:570,0
DA:571,0
DA:572,0
DA:573,0
DA:575,0
DA:578,0
DA:580,0
DA:582,0
DA:588,0
DA:594,0
DA:595,0
DA:596,0
DA:597,0
DA:598,0
DA:599,0
DA:600,0
DA:605,0
DA:606,0
DA:607,0
DA:611,0
DA:612,0
DA:613,0
DA:614,0
DA:616,0
DA:619,0
DA:621,0
DA:623,0
DA:629,0
DA:634,0
DA:635,0
DA:636,0
DA:637,0
DA:639,0
DA:644,0
DA:645,0
DA:646,0
DA:650,0
DA:651,0
DA:652,0
DA:653,0
DA:655,0
DA:658,0
DA:660,0
DA:662,0
DA:668,0
DA:673,0
DA:674,0
DA:675,0
DA:676,0
DA:677,0
DA:678,0
DA:679,0
DA:684,0
DA:685,0
DA:690,0
DA:691,0
DA:692,0
DA:693,0
DA:695,0
DA:698,0
DA:700,0
DA:702,0
DA:708,0
DA:709,0
DA:710,0
DA:711,0
DA:712,0
DA:713,0
DA:715,0
DA:721,0
DA:725,0
DA:729,0
DA:731,0
DA:732,0
DA:735,0
LF:316
LH:0
end_of_record
SF:lib\core\common\api_result.dart
DA:5,34
DA:10,13
LF:2
LH:2
end_of_record
SF:lib\core\common\add_to_cart\data\models\request\add_to_cart_req_body.dart
DA:5,0
DA:7,0
DA:8,0
DA:9,0
LF:4
LH:0
end_of_record
SF:lib\core\common\add_to_cart\data\models\response\add_to_product_res_model\add_to_product_res_model.dart
DA:8,0
DA:10,0
DA:11,0
DA:12,0
DA:13,0
DA:14,0
DA:16,0
DA:20,0
DA:21,0
DA:22,0
DA:23,0
LF:11
LH:0
end_of_record
SF:lib\Features\auth\data\models\request\forget_password_request\forget_password_request.dart
DA:7,0
DA:11,0
DA:12,0
DA:16,0
LF:4
LH:0
end_of_record
SF:lib\Features\auth\data\models\request\forget_password_request\forget_password_request.g.dart
DA:9,0
DA:11,0
DA:12,0
DA:15,0
DA:17,0
DA:18,0
LF:6
LH:0
end_of_record
SF:lib\Features\auth\data\models\request\forget_password_request\reset_password_request.dart
DA:6,0
DA:8,0
DA:9,0
DA:14,0
LF:4
LH:0
end_of_record
SF:lib\Features\auth\data\models\request\forget_password_request\reset_password_request.g.dart
DA:9,0
DA:11,0
DA:12,0
DA:13,0
DA:16,0
DA:18,0
DA:19,0
DA:20,0
LF:8
LH:0
end_of_record
SF:lib\Features\auth\data\models\request\forget_password_request\verify_request.dart
DA:6,0
DA:10,0
DA:11,0
DA:15,0
LF:4
LH:0
end_of_record
SF:lib\Features\auth\data\models\request\forget_password_request\verify_request.g.dart
DA:9,0
DA:10,0
DA:11,0
DA:14,0
DA:15,0
DA:16,0
LF:6
LH:0
end_of_record
SF:lib\Features\auth\data\models\request\register_model_dto.dart
DA:2,0
DA:12,0
DA:13,0
DA:14,0
DA:15,0
DA:16,0
DA:17,0
DA:18,0
DA:19,0
DA:29,0
DA:30,0
DA:31,0
DA:32,0
DA:33,0
DA:34,0
DA:35,0
DA:36,0
DA:37,0
LF:18
LH:0
end_of_record
SF:lib\Features\auth\data\models\response\forget_password_response\forget_password_response.dart
DA:8,0
DA:10,0
DA:11,0
DA:17,0
DA:19,0
DA:20,0
LF:6
LH:0
end_of_record
SF:lib\Features\auth\data\models\response\forget_password_response\forget_password_response.g.dart
DA:9,0
DA:11,0
DA:12,0
DA:13,0
DA:14,0
DA:17,0
DA:19,0
DA:20,0
DA:21,0
DA:22,0
LF:10
LH:0
end_of_record
SF:lib\Features\auth\data\models\response\forget_password_response\reset_password_response.dart
DA:9,0
DA:11,0
DA:12,0
DA:18,0
DA:20,0
DA:21,0
LF:6
LH:0
end_of_record
SF:lib\Features\auth\data\models\response\forget_password_response\reset_password_response.g.dart
DA:9,0
DA:11,0
DA:12,0
DA:13,0
DA:14,0
DA:17,0
DA:19,0
DA:20,0
DA:21,0
DA:22,0
LF:10
LH:0
end_of_record
SF:lib\Features\auth\data\models\response\forget_password_response\verify_response.dart
DA:9,0
DA:11,0
DA:12,0
DA:17,0
DA:19,0
DA:20,0
LF:6
LH:0
end_of_record
SF:lib\Features\auth\data\models\response\forget_password_response\verify_response.g.dart
DA:9,0
DA:10,0
DA:11,0
DA:12,0
DA:15,0
DA:16,0
DA:17,0
DA:18,0
LF:8
LH:0
end_of_record
SF:lib\Features\auth\data\models\response\logout_response_dto.dart
DA:4,1
DA:8,0
DA:9,0
DA:14,0
DA:15,0
DA:16,0
DA:20,1
DA:21,2
LF:8
LH:3
end_of_record
SF:lib\Features\auth\data\models\response\register_response_dto.dart
DA:4,0
DA:11,0
DA:12,0
DA:13,0
DA:14,0
DA:15,0
DA:22,0
DA:23,0
DA:24,0
DA:25,0
DA:26,0
DA:27,0
DA:29,0
DA:33,0
DA:34,0
DA:35,0
DA:40,0
DA:52,0
DA:53,0
DA:54,0
DA:55,0
DA:56,0
DA:57,0
DA:58,0
DA:59,0
DA:60,0
DA:61,0
DA:73,0
DA:74,0
DA:75,0
DA:76,0
DA:77,0
DA:78,0
DA:79,0
DA:80,0
DA:81,0
DA:82,0
DA:83,0
DA:87,0
DA:88,0
DA:89,0
DA:90,0
DA:91,0
DA:92,0
DA:93,0
DA:94,0
DA:95,0
DA:96,0
DA:97,0
LF:49
LH:0
end_of_record
SF:lib\Features\best_seller\data\model\best_seller_response.dart
DA:7,1
DA:12,0
DA:13,0
DA:14,0
DA:15,0
DA:16,0
DA:17,0
DA:24,0
DA:25,0
DA:26,0
DA:27,0
DA:28,0
LF:12
LH:1
end_of_record
SF:lib\Features\cart&checkout\data\models\request\update_quantity_request.dart
DA:6,0
DA:10,0
DA:11,0
DA:12,0
LF:4
LH:0
end_of_record
SF:lib\Features\cart&checkout\data\models\response\delete_product_response\delete_product_response.dart
DA:8,0
DA:10,0
DA:11,0
DA:12,0
DA:13,0
DA:14,0
DA:16,0
DA:20,0
DA:21,0
DA:22,0
DA:23,0
LF:11
LH:0
end_of_record
SF:lib\Features\cart&checkout\data\models\response\fetch_user_cart_response\fetch_user_cart_response.dart
DA:8,0
DA:10,0
DA:11,0
DA:12,0
DA:13,0
DA:14,0
DA:16,0
DA:20,0
DA:21,0
DA:22,0
DA:23,0
LF:11
LH:0
end_of_record
SF:lib\Features\cart&checkout\data\models\response\update_product_quantity\update_product_quantity.dart
DA:8,0
DA:10,0
DA:11,0
DA:12,0
DA:13,0
DA:14,0
DA:16,0
DA:20,0
DA:21,0
DA:22,0
DA:23,0
LF:11
LH:0
end_of_record
SF:lib\Features\categories\data\models\response\all_categories.dart
DA:8,0
DA:14,0
DA:15,0
DA:16,0
DA:17,0
DA:18,0
DA:19,0
DA:20,0
DA:21,0
DA:26,0
DA:27,0
DA:28,0
DA:29,0
DA:30,0
DA:32,0
DA:33,0
DA:38,0
DA:39,0
DA:40,0
DA:41,0
DA:42,0
DA:43,0
DA:49,0
DA:58,0
DA:59,0
DA:60,0
DA:61,0
DA:62,0
DA:63,0
DA:64,0
DA:74,0
DA:75,0
DA:76,0
DA:77,0
DA:78,0
DA:79,0
DA:80,0
DA:81,0
DA:85,0
DA:86,0
DA:87,0
DA:88,0
DA:89,0
DA:90,0
DA:96,0
DA:102,0
DA:103,0
DA:104,0
DA:105,0
DA:112,0
DA:113,0
DA:114,0
DA:115,0
DA:116,0
LF:54
LH:0
end_of_record
SF:lib\Features\edit_profile\data\models\edit_profile.dart
DA:12,1
DA:13,1
DA:14,1
DA:15,0
DA:16,1
DA:17,1
DA:18,1
DA:19,1
LF:8
LH:7
end_of_record
SF:lib\Features\edit_profile\data\models\edit_profile.g.dart
DA:9,2
DA:10,1
DA:11,1
DA:13,0
DA:16,0
DA:17,0
DA:18,0
DA:19,0
LF:8
LH:3
end_of_record
SF:lib\Features\home\data\models\home_model.dart
DA:18,1
DA:20,1
DA:21,1
DA:22,0
DA:23,1
DA:24,1
DA:25,1
DA:26,1
DA:27,1
DA:28,1
DA:29,1
LF:11
LH:10
end_of_record
SF:lib\Features\home\data\models\home_model.g.dart
DA:9,2
DA:10,1
DA:11,1
DA:12,0
DA:13,0
DA:14,1
DA:15,0
DA:16,0
DA:17,1
DA:18,0
DA:19,0
DA:20,2
DA:21,0
DA:22,0
DA:24,0
DA:25,0
DA:26,0
DA:27,0
DA:28,0
DA:29,0
LF:20
LH:6
end_of_record
SF:lib\Features\occasions\data\models\occasion_response\occasion_response.dart
DA:9,3
DA:21,0
DA:22,0
DA:32,0
DA:36,0
DA:46,0
DA:47,0
DA:48,0
DA:49,0
DA:52,0
DA:53,0
DA:54,0
DA:55,0
LF:13
LH:1
end_of_record
SF:lib\Features\occasions\data\models\occasion_response\occasion_response.g.dart
DA:9,0
DA:10,0
DA:11,0
DA:13,0
DA:14,0
DA:15,0
DA:16,0
DA:17,0
DA:20,0
DA:21,0
DA:22,0
DA:23,0
DA:24,0
LF:13
LH:0
end_of_record
SF:lib\Features\products\data\models\all_products.dart
DA:4,0
DA:9,0
DA:10,0
DA:11,0
DA:12,0
DA:13,0
DA:14,0
DA:21,0
DA:22,0
DA:23,0
DA:24,0
DA:29,0
DA:47,0
DA:48,0
DA:49,0
DA:50,0
DA:51,0
DA:52,0
DA:53,0
DA:54,0
DA:55,0
DA:56,0
DA:57,0
DA:58,0
DA:59,0
DA:60,0
DA:61,0
DA:62,0
DA:80,0
DA:81,0
DA:82,0
DA:83,0
DA:84,0
DA:85,0
DA:86,0
DA:87,0
DA:88,0
DA:89,0
DA:90,0
DA:91,0
DA:92,0
DA:93,0
DA:94,0
DA:95,0
DA:96,0
DA:100,0
DA:101,0
DA:102,0
DA:103,0
DA:104,0
DA:105,0
DA:106,0
DA:107,0
DA:108,0
DA:109,0
DA:110,0
DA:111,0
DA:112,0
LF:58
LH:0
end_of_record
SF:lib\Features\products_details\data\models\response\product_details_dto.dart
DA:4,1
DA:9,0
DA:10,0
DA:11,0
DA:12,0
DA:18,0
DA:19,0
DA:20,0
DA:21,0
DA:22,0
DA:29,1
DA:46,0
DA:47,0
DA:48,0
DA:49,0
DA:50,0
DA:51,0
DA:52,0
DA:53,0
DA:54,0
DA:55,0
DA:56,0
DA:57,0
DA:58,0
DA:59,0
DA:60,0
DA:78,0
DA:79,0
DA:80,0
DA:81,0
DA:82,0
DA:83,0
DA:84,0
DA:85,0
DA:86,0
DA:87,0
DA:88,0
DA:89,0
DA:90,0
DA:91,0
DA:92,0
DA:93,0
DA:97,1
DA:98,1
DA:99,1
DA:100,1
DA:101,1
DA:102,1
DA:103,1
DA:104,1
DA:105,1
DA:106,1
DA:112,0
DA:114,0
DA:115,0
DA:118,0
DA:125,0
DA:126,0
DA:127,0
DA:128,0
DA:129,0
DA:130,0
DA:131,0
DA:132,0
LF:64
LH:12
end_of_record
SF:lib\Features\profile\data\model\profile_response.dart
DA:7,0
DA:8,0
DA:10,0
DA:11,0
DA:14,0
DA:19,0
DA:20,0
DA:21,0
DA:22,0
DA:23,0
DA:26,0
DA:27,0
DA:28,0
DA:29,0
DA:31,0
DA:32,0
LF:16
LH:0
end_of_record
SF:lib\Features\profile_reset_password\data\model\change_password_request.dart
DA:2,1
DA:7,0
DA:8,0
DA:9,0
DA:14,0
DA:15,0
DA:16,0
DA:17,0
LF:8
LH:1
end_of_record
SF:lib\Features\profile_reset_password\data\model\change_password_response.dart
DA:7,1
DA:9,0
DA:10,0
DA:11,0
DA:12,0
DA:18,0
DA:19,0
DA:20,0
DA:21,0
DA:22,0
DA:26,1
DA:27,4
LF:12
LH:3
end_of_record
SF:lib\Features\products\domain\entities\products_entities.dart
DA:2,2
DA:12,0
LF:2
LH:1
end_of_record
SF:lib\Features\products\domain\use_cases\all_categories_usecase.dart
DA:10,0
DA:12,0
DA:13,0
LF:3
LH:0
end_of_record
SF:lib\Features\auth\domain\entities\logout_entity.dart
DA:2,4
LF:1
LH:1
end_of_record
SF:lib\core\api\api_extentions.dart
DA:9,7
DA:11,7
DA:12,7
DA:13,2
DA:14,0
DA:15,2
DA:17,0
DA:18,0
DA:19,0
DA:20,0
DA:23,0
DA:25,2
DA:26,0
DA:27,2
DA:28,2
LF:15
LH:8
end_of_record
SF:lib\Features\auth\domain\entities\forget_password_entity.dart
DA:2,0
LF:1
LH:0
end_of_record
SF:lib\Features\auth\domain\entities\register_entities.dart
DA:6,1
DA:24,0
LF:2
LH:1
end_of_record
SF:lib\Features\auth\domain\entities\reset_password_entity.dart
DA:2,0
LF:1
LH:0
end_of_record
SF:lib\Features\auth\domain\entities\verify_password_entity.dart
DA:2,0
LF:1
LH:0
end_of_record
SF:lib\Features\best_seller\data\model\best_seller.dart
DA:20,0
DA:37,0
DA:38,0
DA:39,0
DA:40,0
DA:41,0
DA:42,0
DA:43,0
DA:44,0
DA:45,0
DA:46,0
DA:47,0
DA:48,0
DA:49,0
DA:50,0
DA:51,0
DA:68,0
DA:69,0
DA:70,0
DA:71,0
DA:72,0
DA:73,0
DA:74,0
DA:75,0
DA:76,0
DA:77,0
DA:78,0
DA:79,0
DA:80,0
DA:81,0
DA:82,0
DA:83,0
DA:88,0
DA:89,0
DA:90,0
DA:91,0
DA:92,0
DA:93,0
DA:94,0
DA:95,0
DA:96,0
DA:97,0
DA:98,0
DA:99,0
DA:100,0
DA:101,0
DA:102,0
DA:103,0
LF:48
LH:0
end_of_record
SF:lib\Features\best_seller\domain\entities\best_seller_entity.dart
DA:2,0
LF:1
LH:0
end_of_record
SF:lib\Features\cart&checkout\data\models\response\delete_product_response\cart.dart
DA:12,0
DA:22,0
DA:23,0
DA:24,0
DA:25,0
DA:26,0
DA:27,0
DA:28,0
DA:29,0
DA:31,0
DA:32,0
DA:34,0
DA:35,0
DA:38,0
DA:39,0
DA:40,0
DA:41,0
DA:42,0
DA:43,0
DA:44,0
DA:45,0
LF:21
LH:0
end_of_record
SF:lib\Features\cart&checkout\data\models\response\delete_product_response\cart_item.dart
DA:7,0
DA:9,0
DA:10,0
DA:11,0
DA:12,0
DA:13,0
DA:16,0
DA:17,0
DA:18,0
DA:19,0
DA:20,0
LF:11
LH:0
end_of_record
SF:lib\Features\cart&checkout\data\models\response\fetch_user_cart_response\cart.dart
DA:12,0
DA:22,0
DA:23,0
DA:24,0
DA:25,0
DA:26,0
DA:27,0
DA:28,0
DA:29,0
DA:31,0
DA:32,0
DA:34,0
DA:35,0
DA:38,0
DA:39,0
DA:40,0
DA:41,0
DA:42,0
DA:43,0
DA:44,0
DA:45,0
LF:21
LH:0
end_of_record
SF:lib\Features\cart&checkout\data\models\response\fetch_user_cart_response\cart_item.dart
DA:11,0
DA:13,0
DA:14,0
DA:16,0
DA:17,0
DA:18,0
DA:19,0
DA:22,0
DA:23,0
DA:24,0
DA:25,0
DA:26,0
DA:29,0
DA:30,0
DA:31,0
DA:32,0
DA:33,0
DA:34,0
DA:35,0
DA:36,0
DA:37,0
DA:38,0
LF:22
LH:0
end_of_record
SF:lib\Features\cart&checkout\domain\entities\cart_item_entity.dart
DA:6,0
LF:1
LH:0
end_of_record
SF:lib\Features\cart&checkout\data\models\response\fetch_user_cart_response\product.dart
DA:19,0
DA:38,0
DA:39,0
DA:40,0
DA:41,0
DA:42,0
DA:43,0
DA:44,0
DA:45,0
DA:46,0
DA:47,0
DA:48,0
DA:49,0
DA:50,0
DA:52,0
DA:53,0
DA:55,0
DA:56,0
DA:57,0
DA:58,0
DA:61,0
DA:62,0
DA:63,0
DA:64,0
DA:65,0
DA:66,0
DA:67,0
DA:68,0
DA:69,0
DA:70,0
DA:71,0
DA:72,0
DA:73,0
DA:74,0
DA:75,0
DA:76,0
DA:77,0
LF:37
LH:0
end_of_record
SF:lib\Features\cart&checkout\data\models\response\update_product_quantity\cart.dart
DA:12,0
DA:22,0
DA:23,0
DA:24,0
DA:25,0
DA:26,0
DA:27,0
DA:28,0
DA:29,0
DA:31,0
DA:32,0
DA:34,0
DA:35,0
DA:38,0
DA:39,0
DA:40,0
DA:41,0
DA:42,0
DA:43,0
DA:44,0
DA:45,0
LF:21
LH:0
end_of_record
SF:lib\Features\cart&checkout\data\models\response\update_product_quantity\cart_item.dart
DA:9,0
DA:11,0
DA:12,0
DA:14,0
DA:15,0
DA:16,0
DA:17,0
DA:20,0
DA:21,0
DA:22,0
DA:23,0
DA:24,0
LF:12
LH:0
end_of_record
SF:lib\Features\cart&checkout\data\models\response\update_product_quantity\product.dart
DA:19,0
DA:38,0
DA:39,0
DA:40,0
DA:41,0
DA:42,0
DA:43,0
DA:44,0
DA:45,0
DA:46,0
DA:47,0
DA:48,0
DA:49,0
DA:50,0
DA:52,0
DA:53,0
DA:55,0
DA:56,0
DA:57,0
DA:58,0
DA:61,0
DA:62,0
DA:63,0
DA:64,0
DA:65,0
DA:66,0
DA:67,0
DA:68,0
DA:69,0
DA:70,0
DA:71,0
DA:72,0
DA:73,0
DA:74,0
DA:75,0
DA:76,0
DA:77,0
LF:37
LH:0
end_of_record
SF:lib\Features\categories\domain\entities\categories_entities.dart
DA:5,0
DA:14,0
LF:2
LH:0
end_of_record
SF:lib\Features\edit_profile\domain\entities\edit_profile_entity.dart
DA:6,4
LF:1
LH:1
end_of_record
SF:lib\Features\edit_profile\data\models\user.dart
DA:22,3
DA:39,0
DA:40,0
LF:3
LH:1
end_of_record
SF:lib\Features\edit_profile\data\models\user.g.dart
DA:9,0
DA:10,0
DA:11,0
DA:12,0
DA:13,0
DA:14,0
DA:15,0
DA:16,0
DA:17,0
DA:18,0
DA:19,0
DA:20,0
DA:22,0
DA:23,0
DA:24,0
DA:26,0
DA:27,0
DA:28,0
DA:31,0
DA:32,0
DA:33,0
DA:34,0
DA:35,0
DA:36,0
DA:37,0
DA:38,0
DA:39,0
DA:40,0
DA:41,0
DA:42,0
DA:43,0
DA:44,0
DA:45,0
DA:46,0
LF:34
LH:0
end_of_record
SF:lib\Features\home\data\models\best_seller.dart
DA:22,0
DA:39,0
DA:40,0
DA:41,0
LF:4
LH:0
end_of_record
SF:lib\Features\home\data\models\best_seller.g.dart
DA:9,0
DA:10,0
DA:11,0
DA:12,0
DA:13,0
DA:14,0
DA:15,0
DA:16,0
DA:17,0
DA:18,0
DA:19,0
DA:20,0
DA:21,0
DA:23,0
DA:24,0
DA:26,0
DA:27,0
DA:30,0
DA:31,0
DA:32,0
DA:33,0
DA:34,0
DA:35,0
DA:36,0
DA:37,0
DA:38,0
DA:39,0
DA:40,0
DA:41,0
DA:42,0
DA:43,0
DA:44,0
DA:45,0
LF:33
LH:0
end_of_record
SF:lib\Features\home\data\models\home_categories.dart
DA:12,0
DA:20,0
DA:21,0
DA:22,0
LF:4
LH:0
end_of_record
SF:lib\Features\home\data\models\home_categories.g.dart
DA:9,0
DA:10,0
DA:11,0
DA:12,0
DA:13,0
DA:14,0
DA:15,0
DA:16,0
DA:19,0
DA:20,0
DA:21,0
DA:22,0
DA:23,0
DA:24,0
DA:25,0
DA:26,0
LF:16
LH:0
end_of_record
SF:lib\Features\home\domain\entities\home_entity.dart
DA:14,4
LF:1
LH:1
end_of_record
SF:lib\Features\home\data\models\occasion.dart
DA:13,0
DA:22,0
DA:23,0
DA:24,0
LF:4
LH:0
end_of_record
SF:lib\Features\home\data\models\occasion.g.dart
DA:9,0
DA:10,0
DA:11,0
DA:12,0
DA:13,0
DA:14,0
DA:16,0
DA:17,0
DA:19,0
DA:22,0
DA:23,0
DA:24,0
DA:25,0
DA:26,0
DA:27,0
DA:28,0
LF:16
LH:0
end_of_record
SF:lib\Features\home\data\models\product.dart
DA:21,0
DA:38,0
DA:39,0
DA:40,0
LF:4
LH:0
end_of_record
SF:lib\Features\home\data\models\product.g.dart
DA:9,0
DA:10,0
DA:11,0
DA:12,0
DA:13,0
DA:14,0
DA:15,0
DA:16,0
DA:17,0
DA:18,0
DA:19,0
DA:20,0
DA:21,0
DA:23,0
DA:24,0
DA:26,0
DA:27,0
DA:30,0
DA:31,0
DA:32,0
DA:33,0
DA:34,0
DA:35,0
DA:36,0
DA:37,0
DA:38,0
DA:39,0
DA:40,0
DA:41,0
DA:42,0
DA:43,0
DA:44,0
LF:32
LH:0
end_of_record
SF:lib\Features\occasions\data\models\occasion_response\occasion_detail_response.dart
DA:2,0
DA:25,0
DA:26,0
DA:27,0
DA:28,0
DA:29,0
DA:31,0
DA:32,0
DA:33,0
DA:34,0
DA:35,0
DA:37,0
DA:38,0
DA:39,0
DA:44,0
DA:45,0
DA:46,0
DA:47,0
DA:48,0
DA:49,0
DA:50,0
DA:51,0
DA:52,0
DA:53,0
DA:54,0
LF:25
LH:0
end_of_record
SF:lib\Features\products_details\domain\entities\product_details_entity.dart
DA:2,4
LF:1
LH:1
end_of_record
SF:lib\Features\profile\domain\entities\profile_entity.dart
DA:4,0
LF:1
LH:0
end_of_record
SF:lib\Features\profile_reset_password\domain\entities\change_password_entity.dart
DA:2,4
LF:1
LH:1
end_of_record
SF:lib\core\common\custom_exception.dart
DA:6,0
DA:12,0
LF:2
LH:0
end_of_record
SF:lib\core\common\add_to_cart\data\models\response\add_to_product_res_model\cart.dart
DA:12,0
DA:22,0
DA:23,0
DA:24,0
DA:25,0
DA:26,0
DA:27,0
DA:28,0
DA:29,0
DA:31,0
DA:32,0
DA:34,0
DA:35,0
DA:38,0
DA:39,0
DA:40,0
DA:41,0
DA:42,0
DA:43,0
DA:44,0
DA:45,0
LF:21
LH:0
end_of_record
SF:lib\core\common\add_to_cart\data\models\response\add_to_product_res_model\cart_item.dart
DA:7,0
DA:9,0
DA:10,0
DA:11,0
DA:12,0
DA:13,0
DA:16,0
DA:17,0
DA:18,0
DA:19,0
DA:20,0
LF:11
LH:0
end_of_record
SF:lib\Features\auth\data\repositories\auth_repo_impl.dart
DA:21,2
DA:25,0
DA:34,0
DA:45,1
DA:47,3
DA:53,0
DA:55,0
DA:58,0
DA:60,0
DA:63,0
DA:66,0
DA:67,0
DA:70,1
DA:72,2
LF:14
LH:5
end_of_record
SF:lib\Features\auth\domain\use_cases\login_usecases.dart
DA:10,1
DA:12,1
DA:16,2
LF:3
LH:3
end_of_record
SF:lib\Features\auth\domain\use_cases\logout_usecases.dart
DA:11,1
DA:13,1
DA:16,2
LF:3
LH:3
end_of_record
SF:lib\Features\auth\domain\use_cases\register_usecase.dart
DA:10,1
DA:12,1
DA:21,2
LF:3
LH:3
end_of_record
SF:lib\Features\auth\presentation\view_model\login_view_model\login_cubit.dart
DA:15,3
DA:17,1
DA:18,2
DA:20,2
DA:23,1
DA:24,1
DA:25,0
DA:26,0
DA:28,3
DA:33,3
DA:34,3
DA:35,1
DA:36,3
DA:40,1
DA:41,1
DA:44,0
DA:45,0
LF:17
LH:13
end_of_record
SF:lib\Features\auth\presentation\view_model\login_view_model\login_state.dart
DA:10,1
DA:18,1
LF:2
LH:2
end_of_record
SF:lib\core\utils\cashed_data_shared_preferences.dart
DA:4,3
DA:6,0
DA:7,0
DA:10,1
DA:12,1
DA:13,0
DA:16,1
DA:17,2
DA:20,0
DA:21,0
DA:24,0
DA:25,0
DA:31,1
DA:32,2
DA:35,0
DA:36,0
DA:39,1
DA:40,2
LF:18
LH:9
end_of_record
SF:lib\Features\auth\presentation\view_model\logout_view_model\logout_cubit.dart
DA:14,3
DA:16,1
DA:17,2
DA:19,2
DA:22,1
DA:23,1
DA:24,3
DA:25,1
DA:26,3
LF:9
LH:9
end_of_record
SF:lib\Features\auth\presentation\view_model\logout_view_model\logout_state.dart
DA:10,1
DA:18,1
LF:2
LH:2
end_of_record
SF:lib\Features\best_seller\data\data_source\best_online_data_source_impl.dart
DA:13,1
DA:15,1
DA:17,2
DA:18,2
DA:19,1
DA:21,0
DA:22,0
LF:7
LH:5
end_of_record
SF:lib\Features\best_seller\data\repositories\best_repo_impl.dart
DA:12,1
DA:16,1
DA:18,2
LF:3
LH:3
end_of_record
SF:lib\Features\best_seller\domain\use_case\best_seller_use_case.dart
DA:11,1
DA:13,1
DA:14,2
LF:3
LH:3
end_of_record
SF:lib\Features\best_seller\presentation\best_seller_view_model\best_seller_cubit.dart
DA:12,3
DA:14,1
DA:15,2
DA:17,2
DA:20,1
DA:21,3
DA:22,1
DA:23,3
LF:8
LH:8
end_of_record
SF:lib\Features\best_seller\presentation\best_seller_view_model\best_seller_state.dart
DA:10,1
DA:18,1
LF:2
LH:2
end_of_record
SF:lib\Features\best_seller\presentation\usefull_methods\part_title.dart
DA:1,1
DA:2,1
DA:3,2
LF:3
LH:3
end_of_record
SF:lib\Features\best_seller\presentation\usefull_methods\precentage_calculate.dart
DA:1,1
DA:2,2
DA:4,1
DA:7,2
DA:8,1
DA:9,1
DA:10,1
DA:11,1
LF:8
LH:8
end_of_record
SF:lib\Features\edit_profile\data\data_source_impl\edit_profile_data_source_impl.dart
DA:11,1
DA:12,1
DA:20,2
DA:21,2
DA:23,1
LF:5
LH:5
end_of_record
SF:lib\Features\edit_profile\data\repo_impl\edit_profile_repo_impl.dart
DA:10,1
DA:11,1
DA:19,2
LF:3
LH:3
end_of_record
SF:lib\Features\edit_profile\domain\use_cases\edit_profile_use_case.dart
DA:9,1
DA:11,1
DA:18,2
LF:3
LH:3
end_of_record
SF:lib\Features\edit_profile\presentation\viewmodels\editprofile_cubit.dart
DA:18,3
DA:20,1
DA:26,2
DA:27,2
DA:28,2
DA:29,1
DA:30,0
DA:31,0
DA:32,0
DA:37,2
DA:46,1
DA:47,3
DA:48,3
DA:50,1
DA:51,3
DA:52,3
LF:16
LH:13
end_of_record
SF:lib\Features\edit_profile\presentation\viewmodels\editprofile_state.dart
DA:13,1
DA:18,1
LF:2
LH:2
end_of_record
SF:lib\Features\home\data\data_sources_impl\home_data_source_impl.dart
DA:11,1
DA:12,1
DA:14,2
DA:15,2
DA:16,1
LF:5
LH:5
end_of_record
SF:lib\Features\home\data\repositories_impl\home_repo_impl.dart
DA:10,1
DA:11,1
DA:13,2
LF:3
LH:3
end_of_record
SF:lib\Features\home\domain\use_cases\home_use_case.dart
DA:9,1
DA:10,1
DA:11,2
LF:3
LH:3
end_of_record
SF:lib\Features\home\presentation\viewmodels\home_state.dart
DA:12,1
DA:17,1
LF:2
LH:2
end_of_record
SF:lib\Features\home\presentation\viewmodels\home_cubit.dart
DA:13,3
DA:14,1
DA:15,2
DA:16,2
DA:17,2
DA:19,1
DA:21,1
DA:22,3
DA:24,3
DA:27,1
DA:29,3
DA:30,3
LF:12
LH:12
end_of_record
SF:lib\Features\occasions\data\repositories\occasion_repo_imp.dart
DA:13,1
DA:17,1
DA:19,2
LF:3
LH:3
end_of_record
SF:lib\Features\occasions\domain\use_cases\occasion_use_case.dart
DA:12,1
DA:14,1
DA:15,2
LF:3
LH:3
end_of_record
SF:lib\Features\occasions\presentation\viewmodel\occasion_view_model\occasion_cubit.dart
DA:15,3
DA:17,1
DA:18,2
DA:20,2
DA:23,1
DA:24,3
DA:25,1
DA:26,3
LF:8
LH:8
end_of_record
SF:lib\Features\occasions\presentation\viewmodel\occasion_view_model\occasion_state.dart
DA:10,1
DA:18,1
LF:2
LH:2
end_of_record
SF:lib\Features\products\presentation\manager\all_products_cubit.dart
DA:12,3
DA:14,1
DA:16,1
DA:17,1
DA:21,1
DA:22,2
DA:24,2
DA:27,1
DA:28,1
DA:29,3
DA:31,1
DA:33,3
LF:12
LH:12
end_of_record
SF:lib\Features\products\presentation\manager\all_products_state.dart
DA:10,1
DA:14,1
DA:20,1
DA:26,1
LF:4
LH:4
end_of_record
SF:lib\Features\products_details\data\data_source_imp\product_details_online_datasource_impl.dart
DA:12,1
DA:13,1
DA:15,2
DA:16,2
DA:19,1
DA:22,3
DA:26,2
LF:7
LH:7
end_of_record
SF:lib\Features\products_details\data\repositories\product_details_repo_impl.dart
DA:11,1
DA:13,1
DA:15,2
LF:3
LH:3
end_of_record
SF:lib\Features\products_details\domain\use_cases\product_details_usecases.dart
DA:10,1
DA:12,1
DA:15,2
LF:3
LH:3
end_of_record
SF:lib\Features\products_details\presentation\view_model\product_details_state.dart
DA:10,1
DA:18,1
LF:2
LH:2
end_of_record
SF:lib\Features\products_details\presentation\view_model\product_details_cubit.dart
DA:12,3
DA:14,1
DA:15,2
DA:17,2
DA:20,1
DA:21,3
DA:22,1
DA:23,3
LF:8
LH:8
end_of_record
SF:lib\Features\profile\domain\use_cases\profile_usecase.dart
DA:10,0
DA:12,0
DA:13,0
LF:3
LH:0
end_of_record
SF:lib\Features\profile\presentation\view_model\profile_state.dart
DA:10,0
DA:18,1
LF:2
LH:1
end_of_record
SF:lib\Features\profile\presentation\view_model\profile_view_model.dart
DA:15,3
DA:16,1
DA:17,2
DA:18,2
DA:20,1
DA:21,0
DA:22,0
DA:24,0
DA:25,0
DA:27,0
DA:28,0
DA:30,0
DA:31,0
DA:33,0
DA:35,0
DA:36,1
DA:37,3
LF:17
LH:7
end_of_record
SF:lib\Features\profile_reset_password\data\data_source\change_password_online_data_source_impl.dart
DA:14,1
DA:16,1
DA:19,2
DA:20,1
DA:24,2
DA:26,1
LF:6
LH:6
end_of_record
SF:lib\Features\profile_reset_password\data\repositories\change_password_repository_impl.dart
DA:12,1
DA:14,1
DA:17,2
LF:3
LH:3
end_of_record
SF:lib\Features\profile_reset_password\domain\use_case\change_password_use_case.dart
DA:10,1
DA:12,1
DA:14,2
LF:3
LH:3
end_of_record
SF:lib\Features\profile_reset_password\presentation\view_model\change_password_cubit.dart
DA:13,1
DA:14,2
DA:16,1
DA:18,1
DA:19,1
DA:23,1
DA:24,2
DA:26,3
DA:27,3
DA:29,1
DA:31,3
DA:33,1
DA:35,3
DA:49,1
LF:14
LH:14
end_of_record
SF:lib\Features\profile_reset_password\presentation\view_model\change_password_state.dart
DA:11,1
DA:16,1
LF:2
LH:2
end_of_record
