SF:lib\Features\home\data\data_sources_impl\home_data_source_impl.dart
DA:11,1
DA:12,1
DA:14,2
DA:15,2
DA:16,1
LF:5
LH:5
end_of_record
SF:lib\Features\home\data\models\home_model.dart
DA:16,1
DA:18,1
DA:19,1
DA:20,0
DA:21,1
DA:22,1
DA:23,1
DA:24,1
DA:25,1
DA:26,1
LF:10
LH:9
end_of_record
SF:lib\Features\home\data\models\home_model.g.dart
DA:9,2
DA:10,1
DA:11,1
DA:12,0
DA:13,0
DA:14,1
DA:15,0
DA:16,0
DA:17,1
DA:18,0
DA:19,0
DA:22,0
DA:23,0
DA:24,0
DA:25,0
DA:26,0
LF:16
LH:5
end_of_record
SF:lib\Features\home\domain\entities\home_entity.dart
DA:11,4
LF:1
LH:1
end_of_record
SF:lib\core\api\api_manager\api_manager.g.dart
DA:12,0
DA:17,0
DA:26,0
DA:28,0
DA:29,0
DA:30,0
DA:31,0
DA:32,0
DA:33,0
DA:38,0
DA:39,0
DA:44,0
DA:45,0
DA:46,0
DA:47,0
DA:49,0
DA:52,0
DA:54,0
DA:60,0
DA:63,0
DA:64,0
DA:65,0
DA:66,0
DA:67,0
DA:68,0
DA:73,0
DA:74,0
DA:79,0
DA:80,0
DA:81,0
DA:82,0
DA:84,0
DA:87,0
DA:89,0
DA:95,0
DA:97,0
DA:98,0
DA:99,0
DA:100,0
DA:101,0
DA:102,0
DA:107,0
DA:108,0
DA:113,0
DA:114,0
DA:115,0
DA:116,0
DA:118,0
DA:121,0
DA:123,0
DA:129,0
DA:131,0
DA:132,0
DA:133,0
DA:134,0
DA:135,0
DA:136,0
DA:141,0
DA:142,0
DA:147,0
DA:148,0
DA:149,0
DA:150,0
DA:152,0
DA:155,0
DA:157,0
DA:163,0
DA:166,0
DA:167,0
DA:168,0
DA:169,0
DA:170,0
DA:171,0
DA:176,0
DA:177,0
DA:182,0
DA:183,0
DA:184,0
DA:185,0
DA:187,0
DA:190,0
DA:192,0
DA:198,0
DA:200,0
DA:201,0
DA:202,0
DA:204,0
DA:209,0
DA:210,0
DA:215,0
DA:216,0
DA:217,0
DA:218,0
DA:220,0
DA:223,0
DA:225,0
DA:231,0
DA:232,0
DA:233,0
DA:234,0
DA:235,0
DA:236,0
DA:238,0
DA:244,0
DA:248,0
DA:252,0
DA:254,0
DA:255,0
DA:258,0
LF:109
LH:0
end_of_record
SF:lib\core\common\api_result.dart
DA:5,4
DA:10,1
LF:2
LH:2
end_of_record
SF:lib\Features\auth\data\models\request\forget_password_request\forget_password_request.dart
DA:7,0
DA:11,0
DA:12,0
DA:16,0
LF:4
LH:0
end_of_record
SF:lib\Features\auth\data\models\request\forget_password_request\forget_password_request.g.dart
DA:9,0
DA:11,0
DA:12,0
DA:15,0
DA:17,0
DA:18,0
LF:6
LH:0
end_of_record
SF:lib\Features\auth\data\models\request\forget_password_request\reset_password_request.dart
DA:6,0
DA:8,0
DA:9,0
DA:14,0
LF:4
LH:0
end_of_record
SF:lib\Features\auth\data\models\request\forget_password_request\reset_password_request.g.dart
DA:9,0
DA:11,0
DA:12,0
DA:13,0
DA:16,0
DA:18,0
DA:19,0
DA:20,0
LF:8
LH:0
end_of_record
SF:lib\Features\auth\data\models\request\forget_password_request\verify_request.dart
DA:6,0
DA:10,0
DA:11,0
DA:15,0
LF:4
LH:0
end_of_record
SF:lib\Features\auth\data\models\request\forget_password_request\verify_request.g.dart
DA:9,0
DA:10,0
DA:11,0
DA:14,0
DA:15,0
DA:16,0
LF:6
LH:0
end_of_record
SF:lib\Features\auth\data\models\request\LoginModelDto.dart
DA:2,0
DA:7,0
DA:8,0
DA:9,0
DA:14,0
DA:15,0
DA:16,0
DA:17,0
LF:8
LH:0
end_of_record
SF:lib\Features\auth\data\models\request\RegisterModelDto.dart
DA:2,0
DA:12,0
DA:13,0
DA:14,0
DA:15,0
DA:16,0
DA:17,0
DA:18,0
DA:19,0
DA:29,0
DA:30,0
DA:31,0
DA:32,0
DA:33,0
DA:34,0
DA:35,0
DA:36,0
DA:37,0
LF:18
LH:0
end_of_record
SF:lib\Features\auth\data\models\response\forget_password_response\forget_password_response.dart
DA:8,0
DA:10,0
DA:11,0
DA:17,0
DA:19,0
DA:20,0
LF:6
LH:0
end_of_record
SF:lib\Features\auth\data\models\response\forget_password_response\forget_password_response.g.dart
DA:9,0
DA:11,0
DA:12,0
DA:13,0
DA:14,0
DA:17,0
DA:19,0
DA:20,0
DA:21,0
DA:22,0
LF:10
LH:0
end_of_record
SF:lib\Features\auth\data\models\response\forget_password_response\reset_password_response.dart
DA:9,0
DA:11,0
DA:12,0
DA:18,0
DA:20,0
DA:21,0
LF:6
LH:0
end_of_record
SF:lib\Features\auth\data\models\response\forget_password_response\reset_password_response.g.dart
DA:9,0
DA:11,0
DA:12,0
DA:13,0
DA:14,0
DA:17,0
DA:19,0
DA:20,0
DA:21,0
DA:22,0
LF:10
LH:0
end_of_record
SF:lib\Features\auth\data\models\response\forget_password_response\verify_response.dart
DA:9,0
DA:11,0
DA:12,0
DA:17,0
DA:19,0
DA:20,0
LF:6
LH:0
end_of_record
SF:lib\Features\auth\data\models\response\forget_password_response\verify_response.g.dart
DA:9,0
DA:10,0
DA:11,0
DA:12,0
DA:15,0
DA:16,0
DA:17,0
DA:18,0
LF:8
LH:0
end_of_record
SF:lib\Features\auth\data\models\response\LoginResponseDto.dart
DA:4,0
DA:9,0
DA:10,0
DA:11,0
DA:17,0
DA:18,0
DA:19,0
DA:20,0
DA:24,0
DA:25,0
DA:26,0
DA:27,0
LF:12
LH:0
end_of_record
SF:lib\Features\auth\data\models\response\RegisterResponseDto.dart
DA:4,0
DA:11,0
DA:12,0
DA:13,0
DA:14,0
DA:15,0
DA:22,0
DA:23,0
DA:24,0
DA:25,0
DA:26,0
DA:27,0
DA:29,0
DA:33,0
DA:34,0
DA:35,0
DA:40,0
DA:52,0
DA:53,0
DA:54,0
DA:55,0
DA:56,0
DA:57,0
DA:58,0
DA:59,0
DA:60,0
DA:61,0
DA:73,0
DA:74,0
DA:75,0
DA:76,0
DA:77,0
DA:78,0
DA:79,0
DA:80,0
DA:81,0
DA:82,0
DA:83,0
DA:87,0
DA:88,0
DA:89,0
DA:90,0
DA:91,0
DA:92,0
DA:93,0
DA:94,0
DA:95,0
DA:96,0
DA:97,0
LF:49
LH:0
end_of_record
SF:lib\Features\home\data\models\best_seller.dart
DA:21,0
DA:38,0
DA:39,0
DA:40,0
LF:4
LH:0
end_of_record
SF:lib\Features\home\data\models\best_seller.g.dart
DA:9,0
DA:10,0
DA:11,0
DA:12,0
DA:13,0
DA:14,0
DA:15,0
DA:16,0
DA:17,0
DA:18,0
DA:19,0
DA:20,0
DA:21,0
DA:23,0
DA:24,0
DA:26,0
DA:27,0
DA:30,0
DA:31,0
DA:32,0
DA:33,0
DA:34,0
DA:35,0
DA:36,0
DA:37,0
DA:38,0
DA:39,0
DA:40,0
DA:41,0
DA:42,0
DA:43,0
DA:44,0
DA:45,0
LF:33
LH:0
end_of_record
SF:lib\Features\home\data\models\occasion.dart
DA:13,0
DA:22,0
DA:23,0
DA:24,0
LF:4
LH:0
end_of_record
SF:lib\Features\home\data\models\occasion.g.dart
DA:9,0
DA:10,0
DA:11,0
DA:12,0
DA:13,0
DA:14,0
DA:16,0
DA:17,0
DA:19,0
DA:22,0
DA:23,0
DA:24,0
DA:25,0
DA:26,0
DA:27,0
DA:28,0
LF:16
LH:0
end_of_record
SF:lib\Features\home\data\models\product.dart
DA:21,0
DA:38,0
DA:39,0
DA:40,0
LF:4
LH:0
end_of_record
SF:lib\Features\home\data\models\product.g.dart
DA:9,0
DA:10,0
DA:11,0
DA:12,0
DA:13,0
DA:14,0
DA:15,0
DA:16,0
DA:17,0
DA:18,0
DA:19,0
DA:20,0
DA:21,0
DA:23,0
DA:24,0
DA:26,0
DA:27,0
DA:30,0
DA:31,0
DA:32,0
DA:33,0
DA:34,0
DA:35,0
DA:36,0
DA:37,0
DA:38,0
DA:39,0
DA:40,0
DA:41,0
DA:42,0
DA:43,0
DA:44,0
LF:32
LH:0
end_of_record
SF:lib\Features\home\domain\use_cases\home_use_case.dart
DA:9,1
DA:10,1
DA:11,2
LF:3
LH:3
end_of_record
SF:lib\Features\home\data\repositories_impl\home_repo_impl.dart
DA:10,1
DA:11,1
DA:13,2
LF:3
LH:3
end_of_record
SF:lib\Features\auth\domain\entities\login_entities.dart
DA:2,0
LF:1
LH:0
end_of_record
SF:lib\Features\auth\domain\entities\register_entities.dart
DA:6,0
DA:24,0
LF:2
LH:0
end_of_record
SF:lib\Features\auth\domain\entities\forget_password_entity.dart
DA:2,0
LF:1
LH:0
end_of_record
SF:lib\Features\auth\domain\entities\reset_password_entity.dart
DA:2,0
LF:1
LH:0
end_of_record
SF:lib\Features\auth\domain\entities\verify_password_entity.dart
DA:2,0
LF:1
LH:0
end_of_record
SF:lib\core\api\api_extentions.dart
DA:7,1
DA:9,1
DA:10,1
DA:11,0
DA:12,0
DA:13,0
DA:14,0
DA:15,0
DA:16,0
DA:17,0
DA:18,0
DA:21,0
DA:23,0
DA:24,0
DA:25,0
DA:26,0
LF:16
LH:3
end_of_record
SF:lib\core\common\custom_exception.dart
DA:6,0
DA:12,0
LF:2
LH:0
end_of_record
SF:lib\Features\home\presentation\viewmodels\home_state.dart
DA:12,1
DA:17,1
LF:2
LH:2
end_of_record
SF:lib\Features\home\presentation\viewmodels\home_cubit.dart
DA:15,3
DA:16,1
DA:17,2
DA:18,2
DA:19,2
DA:21,1
DA:23,3
DA:24,3
DA:27,1
DA:29,3
DA:30,3
LF:11
LH:11
end_of_record
